-------------------------------------------------------------------------------
Test set: com.departmentservice.DepartmentApplicationTests
-------------------------------------------------------------------------------
Tests run: 1, Failures: 0, Errors: 1, Skipped: 0, Time elapsed: 0.479 s <<< FAILURE! - in com.departmentservice.DepartmentApplicationTests
com.departmentservice.DepartmentApplicationTests  Time elapsed: 0.478 s  <<< ERROR!
java.lang.IllegalStateException: Unable to find a @SpringBootConfiguration, you need to use @ContextConfiguration or @SpringBootTest(classes=...) with your test

